Arguments: 
  C:\Program Files\nodejs\node.exe C:\Users\ajay4\AppData\Roaming\npm\node_modules\yarn\bin\yarn.js add mathjax

PATH: 
  C:\ffmpeg\bin;C:\WINDOWS\system32;C:\WINDOWS;C:\WINDOWS\System32\Wbem;C:\WINDOWS\System32\WindowsPowerShell\v1.0\;C:\WINDOWS\System32\OpenSSH\;C:\Users\ajay4\AppData\Local\Packages\PythonSoftwareFoundation.Python.3.10_qbz5n2kfra8p0\LocalCache\local-packages\Python310\Scripts;C:\Program Files\Git\cmd;C:\Program Files\PuTTY\;C:\Program Files\dotnet\;C:\Program Files\nodejs\;;C:\Program Files\Docker\Docker\resources\bin;C:\Ruby31-x64\bin;C:\Users\ajay4\AppData\Local\Microsoft\WindowsApps;C:\Users\ajay4\AppData\Local\Programs\Microsoft VS Code\bin;C:\Users\ajay4\.dotnet\tools;C:\Users\ajay4\AppData\Roaming\npm;C:\Program Files (x86)\MongoDB CLI\;C:\Users\ajay4\AppData\Local\Programs\mongosh\;C:\Users\ajay4\AppData\Local\GitHubDesktop\bin;;C:\adb;

Yarn version: 
  1.22.19

Node version: 
  18.15.0

Platform: 
  win32 x64

Trace: 
  Error: https://npm.fontawesome.com/@fortawesome%2ffontawesome-free: authentication required
      at params.callback [as _callback] (C:\Users\ajay4\AppData\Roaming\npm\node_modules\yarn\lib\cli.js:66145:18)
      at self.callback (C:\Users\ajay4\AppData\Roaming\npm\node_modules\yarn\lib\cli.js:140890:22)
      at Request.emit (node:events:513:28)
      at Request.<anonymous> (C:\Users\ajay4\AppData\Roaming\npm\node_modules\yarn\lib\cli.js:141862:10)
      at Request.emit (node:events:513:28)
      at IncomingMessage.<anonymous> (C:\Users\ajay4\AppData\Roaming\npm\node_modules\yarn\lib\cli.js:141784:12)
      at Object.onceWrapper (node:events:627:28)
      at IncomingMessage.emit (node:events:525:35)
      at endReadableNT (node:internal/streams/readable:1359:12)
      at process.processTicksAndRejections (node:internal/process/task_queues:82:21)

npm manifest: 
  {
    "name": "software.net",
    "version": "0.1.0",
    "private": true,
    "scripts": {
      "dev": "next dev",
      "build": "next build",
      "start": "next start",
      "lint": "next lint"
    },
    "dependencies": {
      "@emotion/react": "^11.11.1",
      "@emotion/styled": "^11.11.0",
      "@fortawesome/fontawesome-free": "^6.4.0",
      "@fortawesome/fontawesome-svg-core": "^6.4.0",
      "@fortawesome/free-brands-svg-icons": "^6.4.0",
      "@fortawesome/free-regular-svg-icons": "^6.4.0",
      "@fortawesome/free-solid-svg-icons": "^6.4.0",
      "@fortawesome/react-fontawesome": "^0.2.0",
      "@mui/icons-material": "^5.14.1",
      "@mui/material": "^5.14.1",
      "@sendgrid/mail": "^7.7.0",
      "@testing-library/react": "^14.0.0",
      "@vercel/analytics": "^1.0.1",
      "autoprefixer": "^10.4.14",
      "babel-loader": "^9.1.3",
      "babel-plugin-macros": "^3.1.0",
      "bcrypt": "^5.1.0",
      "comlink": "^4.4.1",
      "comlink-loader": "^2.0.0",
      "compromise": "^14.9.0",
      "cssbeautify": "^0.3.1",
      "date-fns": "^2.30.0",
      "dom-parser": "^0.1.6",
      "dom-to-image": "^2.6.0",
      "eslint": "8.42.0",
      "eslint-config-next": "13.4.5",
      "express": "^4.18.2",
      "fabric": "^5.3.0",
      "file-saver": "^2.0.5",
      "fs-extra": "^11.1.1",
      "html-minifier": "^4.0.0",
      "html2canvas": "^1.4.1",
      "install": "^0.13.0",
      "jsonwebtoken": "^9.0.1",
      "math-expressions": "^2.0.0-alpha64",
      "mathjs": "^11.8.2",
      "mathquill": "^0.10.1-a",
      "memoizee": "^0.4.15",
      "module": "^1.2.5",
      "mongoose": "^7.3.4",
      "mysql": "^2.18.1",
      "mysql2": "^3.3.5",
      "natural": "^6.5.0",
      "next": "13.4.5",
      "next-iron-session": "^4.2.0",
      "next-seo": "^6.1.0",
      "next-sitemap": "^4.1.8",
      "nodemailer": "^6.9.3",
      "npm": "^9.8.1",
      "plotly.js-basic-dist": "^2.24.3",
      "postcss": "^8.4.24",
      "prettier": "^3.0.0",
      "react": "18.2.0",
      "react-color": "^2.19.3",
      "react-datepicker": "^4.16.0",
      "react-datetime": "^3.2.0",
      "react-dom": "18.2.0",
      "react-mathquill": "^1.0.3",
      "react-ripples": "^2.2.1",
      "react-toastify": "^9.1.3",
      "react-top-loading-bar": "^2.3.1",
      "remark": "^14.0.3",
      "remark-html": "^15.0.2",
      "sass": "^1.63.4",
      "sib-api-v3-sdk": "^8.5.0",
      "sitemap": "^7.1.1",
      "slugify": "^1.6.6",
      "tailwindcss": "^3.3.2",
      "uglify-js": "^3.17.4",
      "uglifycss": "^0.0.29",
      "uuid": "^9.0.0",
      "worker-loader": "^3.0.8",
      "workerize-loader": "^2.0.2",
      "xlsx": "^0.18.5",
      "xmlbuilder2": "^3.1.1"
    },
    "devDependencies": {
      "@types/node": "20.3.1",
      "@types/react": "18.2.12",
      "file-loader": "^6.2.0",
      "worker-plugin": "^5.0.1"
    }
  }

yarn manifest: 
  No manifest

Lockfile: 
  No lockfile
